app/build/intermediates/manifest_merge_blame_file/release/manifest-merger-blame-release-report.txt
1<?xml version="1.0" encoding="utf-8"?>
2<manifest xmlns:android="http://schemas.android.com/apk/res/android"
3    package="com.tigwal"
4    android:versionCode="7"
5    android:versionName="1.4" >
6
7    <uses-sdk
8        android:minSdkVersion="21"
8-->src\main\AndroidManifest.xml
9        android:targetSdkVersion="33" />
9-->src\main\AndroidManifest.xml
10    <!-- Permissions -->
11    <uses-feature
11-->src\main\AndroidManifest.xml:8:5-10:36
12        android:name="android.hardware.microphone"
12-->src\main\AndroidManifest.xml:9:9-51
13        android:required="false" />
13-->src\main\AndroidManifest.xml:10:9-33
14
15    <uses-permission android:name="android.permission.ACCESS_NETWORK_STATE" />
15-->src\main\AndroidManifest.xml:12:5-79
15-->src\main\AndroidManifest.xml:12:22-76
16    <uses-permission android:name="android.permission.CAMERA" />
16-->src\main\AndroidManifest.xml:13:5-65
16-->src\main\AndroidManifest.xml:13:22-62
17    <uses-permission android:name="android.permission.INTERNET" />
17-->src\main\AndroidManifest.xml:14:5-67
17-->src\main\AndroidManifest.xml:14:22-64
18    <uses-permission android:name="android.permission.READ_EXTERNAL_STORAGE" />
18-->src\main\AndroidManifest.xml:15:5-80
18-->src\main\AndroidManifest.xml:15:22-77
19    <uses-permission android:name="android.permission.ACCESS_COARSE_LOCATION" />
19-->src\main\AndroidManifest.xml:16:5-81
19-->src\main\AndroidManifest.xml:16:22-78
20    <uses-permission android:name="android.permission.ACCESS_FINE_LOCATION" />
20-->src\main\AndroidManifest.xml:17:5-79
20-->src\main\AndroidManifest.xml:17:22-76
21    <uses-permission android:name="android.permission.READ_PHONE_STATE" />
21-->src\main\AndroidManifest.xml:18:5-75
21-->src\main\AndroidManifest.xml:18:22-72
22    <uses-permission android:name="android.permission.WRITE_EXTERNAL_STORAGE" />
22-->src\main\AndroidManifest.xml:19:5-81
22-->src\main\AndroidManifest.xml:19:22-78
23    <uses-permission android:name="android.permission.CHANGE_NETWORK_STATE" />
23-->src\main\AndroidManifest.xml:20:5-79
23-->src\main\AndroidManifest.xml:20:22-76
24    <uses-permission android:name="android.permission.CALL_PHONE" />
24-->src\main\AndroidManifest.xml:21:5-69
24-->src\main\AndroidManifest.xml:21:22-66
25    <uses-permission android:name="android.permission.ACCESS_WIFI_STATE" />
25-->src\main\AndroidManifest.xml:22:5-76
25-->src\main\AndroidManifest.xml:22:22-73
26
27    <uses-feature android:name="android.hardware.camera" />
27-->src\main\AndroidManifest.xml:23:5-60
27-->src\main\AndroidManifest.xml:23:19-57
28
29    <uses-permission android:name="android.permission.WAKE_LOCK" />
29-->src\main\AndroidManifest.xml:24:5-68
29-->src\main\AndroidManifest.xml:24:22-65
30    <uses-permission android:name="android.permission.RECEIVE_BOOT_COMPLETED" />
30-->src\main\AndroidManifest.xml:25:5-81
30-->src\main\AndroidManifest.xml:25:22-78
31    <uses-permission android:name="android.permission.DISABLE_KEYGUARD" />
31-->src\main\AndroidManifest.xml:27:5-75
31-->src\main\AndroidManifest.xml:27:22-72
32    <uses-permission android:name="com.google.android.c2dm.permission.RECEIVE" />
32-->src\main\AndroidManifest.xml:28:5-82
32-->src\main\AndroidManifest.xml:28:22-79
33    <uses-permission android:name="android.permission.FOREGROUND_SERVICE" />
33-->src\main\AndroidManifest.xml:29:5-77
33-->src\main\AndroidManifest.xml:29:22-74
34    <uses-permission android:name="android.permission.SYSTEM_ALERT_WINDOW" />
34-->src\main\AndroidManifest.xml:30:5-78
34-->src\main\AndroidManifest.xml:30:22-75
35    <uses-permission android:name="android.permission.ACTION_MANAGE_OVERLAY_PERMISSION" />
35-->src\main\AndroidManifest.xml:31:5-91
35-->src\main\AndroidManifest.xml:31:22-88
36    <uses-permission android:name="android.permission.VIBRATE" />
36-->[:library] AndroidManifest.xml:14:5-66
36-->[:library] AndroidManifest.xml:14:22-63
37
38    <uses-feature
38-->[com.google.android.gms:play-services-maps:17.0.1] AndroidManifest.xml:26:5-28:35
39        android:glEsVersion="0x00020000"
39-->[com.google.android.gms:play-services-maps:17.0.1] AndroidManifest.xml:27:9-41
40        android:required="true" />
40-->[com.google.android.gms:play-services-maps:17.0.1] AndroidManifest.xml:28:9-32
41
42    <queries>
42-->[com.google.android.gms:play-services-maps:17.0.1] AndroidManifest.xml:30:5-34:15
43
44        <!-- Needs to be explicitly declared on Android R+ -->
45        <package android:name="com.google.android.apps.maps" />
45-->[com.google.android.gms:play-services-maps:17.0.1] AndroidManifest.xml:33:9-64
45-->[com.google.android.gms:play-services-maps:17.0.1] AndroidManifest.xml:33:18-61
46    </queries>
47
48    <uses-permission android:name="com.google.android.finsky.permission.BIND_GET_INSTALL_REFERRER_SERVICE" />
48-->[com.google.android.gms:play-services-measurement:19.0.2] AndroidManifest.xml:26:5-110
48-->[com.google.android.gms:play-services-measurement:19.0.2] AndroidManifest.xml:26:22-107
49
50    <uses-feature
50-->[io.card:android-sdk:5.5.1] AndroidManifest.xml:15:5-17:36
51        android:name="android.hardware.camera.autofocus"
51-->[io.card:android-sdk:5.5.1] AndroidManifest.xml:16:9-57
52        android:required="false" />
52-->[io.card:android-sdk:5.5.1] AndroidManifest.xml:17:9-33
53
54    <application
54-->src\main\AndroidManifest.xml:33:5-207:19
55        android:name="com.tigwal.Application"
55-->src\main\AndroidManifest.xml:34:9-36
56        android:allowBackup="false"
56-->src\main\AndroidManifest.xml:38:9-36
57        android:appComponentFactory="@string/app_name"
57-->src\main\AndroidManifest.xml:35:9-55
58        android:debuggable="false"
58-->src\main\AndroidManifest.xml:42:9-35
59        android:fullBackupContent="false"
59-->src\main\AndroidManifest.xml:36:9-42
60        android:hardwareAccelerated="true"
60-->src\main\AndroidManifest.xml:37:9-43
61        android:icon="@mipmap/ic_launcher"
61-->src\main\AndroidManifest.xml:39:9-43
62        android:installLocation="internalOnly"
62-->src\main\AndroidManifest.xml:40:9-47
63        android:label="@string/app_name"
63-->src\main\AndroidManifest.xml:41:9-41
64        android:largeHeap="true"
64-->src\main\AndroidManifest.xml:43:9-33
65        android:networkSecurityConfig="@xml/network_security_config"
65-->src\main\AndroidManifest.xml:44:9-69
66        android:requestLegacyExternalStorage="true"
66-->src\main\AndroidManifest.xml:45:9-52
67        android:supportsRtl="true"
67-->src\main\AndroidManifest.xml:46:9-35
68        android:theme="@style/Theme.MyApplication"
68-->src\main\AndroidManifest.xml:47:9-51
69        android:usesCleartextTraffic="true" >
69-->src\main\AndroidManifest.xml:48:9-44
70
71        <!-- Activities -->
72
73        <activity
73-->src\main\AndroidManifest.xml:55:9-58:58
74            android:name="com.tigwal.ui.activity.ChangePasswordActivity"
74-->src\main\AndroidManifest.xml:56:13-63
75            android:screenOrientation="locked"
75-->src\main\AndroidManifest.xml:57:13-47
76            android:windowSoftInputMode="adjustResize" />
76-->src\main\AndroidManifest.xml:58:13-55
77        <activity
77-->src\main\AndroidManifest.xml:60:9-63:58
78            android:name="com.tigwal.ui.activity.ChatListActivity"
78-->src\main\AndroidManifest.xml:61:13-57
79            android:screenOrientation="locked"
79-->src\main\AndroidManifest.xml:62:13-47
80            android:windowSoftInputMode="adjustResize" />
80-->src\main\AndroidManifest.xml:63:13-55
81        <activity
81-->src\main\AndroidManifest.xml:65:9-68:58
82            android:name="com.tigwal.ui.activity.SearchProductListActivity"
82-->src\main\AndroidManifest.xml:66:13-66
83            android:screenOrientation="locked"
83-->src\main\AndroidManifest.xml:67:13-47
84            android:windowSoftInputMode="adjustResize" />
84-->src\main\AndroidManifest.xml:68:13-55
85        <activity
85-->src\main\AndroidManifest.xml:69:9-71:50
86            android:name="com.tigwal.ui.activity.SupportChatActivity"
86-->src\main\AndroidManifest.xml:70:13-60
87            android:screenOrientation="locked" />
87-->src\main\AndroidManifest.xml:71:13-47
88        <activity
88-->src\main\AndroidManifest.xml:72:9-75:76
89            android:name="com.tigwal.ui.activity.ProfileActivity"
89-->src\main\AndroidManifest.xml:73:13-56
90            android:screenOrientation="locked"
90-->src\main\AndroidManifest.xml:74:13-47
91            android:windowSoftInputMode="stateAlwaysHidden|adjustResize" />
91-->src\main\AndroidManifest.xml:75:13-73
92        <activity
92-->src\main\AndroidManifest.xml:76:9-78:50
93            android:name="com.tigwal.ui.activity.OrderSummaryActivity"
93-->src\main\AndroidManifest.xml:77:13-61
94            android:screenOrientation="locked" />
94-->src\main\AndroidManifest.xml:78:13-47
95        <activity
95-->src\main\AndroidManifest.xml:79:9-81:50
96            android:name="com.tigwal.ui.activity.CancelOrderActivity"
96-->src\main\AndroidManifest.xml:80:13-60
97            android:screenOrientation="locked" />
97-->src\main\AndroidManifest.xml:81:13-47
98        <activity
98-->src\main\AndroidManifest.xml:82:9-84:50
99            android:name="com.tigwal.ui.activity.SubCategoryActivity"
99-->src\main\AndroidManifest.xml:83:13-60
100            android:screenOrientation="locked" />
100-->src\main\AndroidManifest.xml:84:13-47
101        <activity
101-->src\main\AndroidManifest.xml:85:9-87:50
102            android:name="com.tigwal.ui.activity.ViewAllCategoryActivity"
102-->src\main\AndroidManifest.xml:86:13-64
103            android:screenOrientation="locked" />
103-->src\main\AndroidManifest.xml:87:13-47
104        <activity
104-->src\main\AndroidManifest.xml:88:9-90:50
105            android:name="com.tigwal.ui.activity.ProductListActivity"
105-->src\main\AndroidManifest.xml:89:13-60
106            android:screenOrientation="locked" />
106-->src\main\AndroidManifest.xml:90:13-47
107        <activity
107-->src\main\AndroidManifest.xml:91:9-93:50
108            android:name="com.tigwal.ui.activity.ProductDetailActivity"
108-->src\main\AndroidManifest.xml:92:13-62
109            android:screenOrientation="locked" />
109-->src\main\AndroidManifest.xml:93:13-47
110        <activity
110-->src\main\AndroidManifest.xml:94:9-96:50
111            android:name="com.tigwal.ui.activity.PaymentOptionActivity"
111-->src\main\AndroidManifest.xml:95:13-62
112            android:screenOrientation="locked" />
112-->src\main\AndroidManifest.xml:96:13-47
113        <activity
113-->src\main\AndroidManifest.xml:97:9-100:63
114            android:name="com.tigwal.ui.activity.DashboardActivity"
114-->src\main\AndroidManifest.xml:98:13-58
115            android:screenOrientation="locked"
115-->src\main\AndroidManifest.xml:99:13-47
116            android:windowSoftInputMode="stateAlwaysHidden" />
116-->src\main\AndroidManifest.xml:100:13-60
117        <activity
117-->src\main\AndroidManifest.xml:101:9-104:63
118            android:name="com.tigwal.ui.activity.ForgotPasswordActivity"
118-->src\main\AndroidManifest.xml:102:13-63
119            android:screenOrientation="locked"
119-->src\main\AndroidManifest.xml:103:13-47
120            android:windowSoftInputMode="stateAlwaysHidden" />
120-->src\main\AndroidManifest.xml:104:13-60
121        <activity
121-->src\main\AndroidManifest.xml:105:9-108:63
122            android:name="com.tigwal.ui.activity.ResetPasswordActivity"
122-->src\main\AndroidManifest.xml:106:13-62
123            android:screenOrientation="locked"
123-->src\main\AndroidManifest.xml:107:13-47
124            android:windowSoftInputMode="stateAlwaysHidden" />
124-->src\main\AndroidManifest.xml:108:13-60
125        <activity
125-->src\main\AndroidManifest.xml:109:9-112:63
126            android:name="com.tigwal.ui.activity.VerifyOtpActivity"
126-->src\main\AndroidManifest.xml:110:13-58
127            android:screenOrientation="locked"
127-->src\main\AndroidManifest.xml:111:13-47
128            android:windowSoftInputMode="stateAlwaysHidden" />
128-->src\main\AndroidManifest.xml:112:13-60
129        <activity
129-->src\main\AndroidManifest.xml:113:9-116:63
130            android:name="com.tigwal.ui.activity.CMSScreenActivity"
130-->src\main\AndroidManifest.xml:114:13-58
131            android:screenOrientation="locked"
131-->src\main\AndroidManifest.xml:115:13-47
132            android:windowSoftInputMode="stateAlwaysHidden" />
132-->src\main\AndroidManifest.xml:116:13-60
133        <activity
133-->src\main\AndroidManifest.xml:117:9-120:63
134            android:name="com.tigwal.ui.activity.OrderReceiveActivity"
134-->src\main\AndroidManifest.xml:118:13-61
135            android:screenOrientation="locked"
135-->src\main\AndroidManifest.xml:119:13-47
136            android:windowSoftInputMode="stateAlwaysHidden" />
136-->src\main\AndroidManifest.xml:120:13-60
137        <activity
137-->src\main\AndroidManifest.xml:121:9-132:20
138            android:name="com.tigwal.ui.activity.SplashActivity"
138-->src\main\AndroidManifest.xml:122:13-55
139            android:exported="true"
139-->src\main\AndroidManifest.xml:126:13-36
140            android:screenOrientation="locked"
140-->src\main\AndroidManifest.xml:123:13-47
141            android:theme="@style/Theme.MyApplication"
141-->src\main\AndroidManifest.xml:124:13-55
142            android:windowSoftInputMode="stateAlwaysHidden" >
142-->src\main\AndroidManifest.xml:125:13-60
143            <intent-filter>
143-->src\main\AndroidManifest.xml:127:13-131:29
144                <action android:name="android.intent.action.MAIN" />
144-->src\main\AndroidManifest.xml:128:17-69
144-->src\main\AndroidManifest.xml:128:25-66
145
146                <category android:name="android.intent.category.LAUNCHER" />
146-->src\main\AndroidManifest.xml:130:17-77
146-->src\main\AndroidManifest.xml:130:27-74
147            </intent-filter>
148        </activity>
149        <activity
149-->src\main\AndroidManifest.xml:134:9-137:58
150            android:name="com.tigwal.ui.activity.LoginActivity"
150-->src\main\AndroidManifest.xml:135:13-54
151            android:screenOrientation="locked"
151-->src\main\AndroidManifest.xml:136:13-47
152            android:windowSoftInputMode="adjustResize" />
152-->src\main\AndroidManifest.xml:137:13-55
153        <activity
153-->src\main\AndroidManifest.xml:139:9-142:63
154            android:name="com.tigwal.ui.activity.LanguageActivity"
154-->src\main\AndroidManifest.xml:140:13-57
155            android:screenOrientation="locked"
155-->src\main\AndroidManifest.xml:141:13-47
156            android:windowSoftInputMode="stateAlwaysHidden" />
156-->src\main\AndroidManifest.xml:142:13-60
157
158        <uses-library
158-->src\main\AndroidManifest.xml:144:9-146:40
159            android:name="org.apache.http.legacy"
159-->src\main\AndroidManifest.xml:145:13-50
160            android:required="false" />
160-->src\main\AndroidManifest.xml:146:13-37
161
162        <service
162-->src\main\AndroidManifest.xml:148:9-154:19
163            android:name="com.tigwal.ui.service.MyFirebaseMessagingService"
163-->src\main\AndroidManifest.xml:149:13-66
164            android:exported="false" >
164-->src\main\AndroidManifest.xml:150:13-37
165            <intent-filter>
165-->src\main\AndroidManifest.xml:151:13-153:29
166                <action android:name="com.google.firebase.MESSAGING_EVENT" />
166-->src\main\AndroidManifest.xml:152:17-78
166-->src\main\AndroidManifest.xml:152:25-75
167            </intent-filter>
168        </service>
169
170        <meta-data
170-->src\main\AndroidManifest.xml:156:9-158:55
171            android:name="com.google.android.geo.API_KEY"
171-->src\main\AndroidManifest.xml:157:13-58
172            android:value="@string/google_maps_key" />
172-->src\main\AndroidManifest.xml:158:13-52
173        <meta-data
173-->src\main\AndroidManifest.xml:159:9-161:69
174            android:name="com.google.android.gms.version"
174-->src\main\AndroidManifest.xml:160:13-58
175            android:value="@integer/google_play_services_version" />
175-->src\main\AndroidManifest.xml:161:13-66
176        <meta-data
176-->src\main\AndroidManifest.xml:164:9-166:37
177            android:name="firebase_messaging_auto_init_enabled"
177-->src\main\AndroidManifest.xml:165:13-64
178            android:value="false" />
178-->src\main\AndroidManifest.xml:166:13-34
179        <meta-data
179-->src\main\AndroidManifest.xml:167:9-169:37
180            android:name="firebase_analytics_collection_enabled"
180-->src\main\AndroidManifest.xml:168:13-65
181            android:value="false" />
181-->src\main\AndroidManifest.xml:169:13-34
182        <meta-data
182-->src\main\AndroidManifest.xml:171:9-173:55
183            android:name="com.facebook.sdk.ApplicationId"
183-->src\main\AndroidManifest.xml:172:13-58
184            android:value="@string/facebook_app_id" />
184-->src\main\AndroidManifest.xml:173:13-52
185        <meta-data
185-->src\main\AndroidManifest.xml:175:9-177:61
186            android:name="com.facebook.sdk.ClientToken"
186-->src\main\AndroidManifest.xml:176:13-56
187            android:value="@string/facebook_client_token" />
187-->src\main\AndroidManifest.xml:177:13-58
188
189        <activity
189-->src\main\AndroidManifest.xml:179:9-182:48
190            android:name="com.facebook.FacebookActivity"
190-->src\main\AndroidManifest.xml:180:13-57
191            android:configChanges="keyboard|keyboardHidden|screenLayout|screenSize|orientation"
191-->src\main\AndroidManifest.xml:181:13-96
192            android:label="@string/app_name"
192-->src\main\AndroidManifest.xml:182:13-45
193            android:theme="@style/com_facebook_activity_theme" />
193-->[com.facebook.android:facebook-common:12.0.0] AndroidManifest.xml:33:13-63
194        <activity
194-->src\main\AndroidManifest.xml:184:9-193:20
195            android:name="com.facebook.CustomTabActivity"
195-->src\main\AndroidManifest.xml:185:13-58
196            android:exported="true" >
196-->src\main\AndroidManifest.xml:186:13-36
197            <intent-filter>
197-->src\main\AndroidManifest.xml:187:13-192:29
198                <action android:name="android.intent.action.VIEW" />
198-->src\main\AndroidManifest.xml:188:17-69
198-->src\main\AndroidManifest.xml:188:25-66
199
200                <category android:name="android.intent.category.DEFAULT" />
200-->src\main\AndroidManifest.xml:189:17-76
200-->src\main\AndroidManifest.xml:189:27-73
201                <category android:name="android.intent.category.BROWSABLE" />
201-->src\main\AndroidManifest.xml:190:17-78
201-->src\main\AndroidManifest.xml:190:27-75
202
203                <data android:scheme="@string/fb_login_protocol_scheme" />
203-->src\main\AndroidManifest.xml:191:17-75
203-->src\main\AndroidManifest.xml:191:23-72
204            </intent-filter>
205            <intent-filter>
205-->[com.facebook.android:facebook-common:12.0.0] AndroidManifest.xml:39:13-48:29
206                <action android:name="android.intent.action.VIEW" />
206-->src\main\AndroidManifest.xml:188:17-69
206-->src\main\AndroidManifest.xml:188:25-66
207
208                <category android:name="android.intent.category.DEFAULT" />
208-->src\main\AndroidManifest.xml:189:17-76
208-->src\main\AndroidManifest.xml:189:27-73
209                <category android:name="android.intent.category.BROWSABLE" />
209-->src\main\AndroidManifest.xml:190:17-78
209-->src\main\AndroidManifest.xml:190:27-75
210
211                <data
211-->src\main\AndroidManifest.xml:191:17-75
212                    android:host="cct.com.tigwal"
213                    android:scheme="fbconnect" />
213-->src\main\AndroidManifest.xml:191:23-72
214            </intent-filter>
215        </activity>
216
217        <provider
217-->src\main\AndroidManifest.xml:195:9-203:20
218            android:name="androidx.core.content.FileProvider"
218-->src\main\AndroidManifest.xml:196:13-62
219            android:authorities="com.tigwal.provider"
219-->src\main\AndroidManifest.xml:197:13-54
220            android:exported="false"
220-->src\main\AndroidManifest.xml:198:13-37
221            android:grantUriPermissions="true" >
221-->src\main\AndroidManifest.xml:199:13-47
222            <meta-data
222-->src\main\AndroidManifest.xml:200:13-202:54
223                android:name="android.support.FILE_PROVIDER_PATHS"
223-->src\main\AndroidManifest.xml:201:17-67
224                android:resource="@xml/file_paths" />
224-->src\main\AndroidManifest.xml:202:17-51
225        </provider>
226
227        <receiver android:name="com.tigwal.ui.activity.SupportChatActivity$CustomBroadcastReceiver" />
227-->src\main\AndroidManifest.xml:205:9-93
227-->src\main\AndroidManifest.xml:205:19-90
228
229        <activity android:name="com.facebook.CustomTabMainActivity" />
229-->[com.facebook.android:facebook-common:12.0.0] AndroidManifest.xml:34:9-71
229-->[com.facebook.android:facebook-common:12.0.0] AndroidManifest.xml:34:19-68
230        <!--
231         The initialization ContentProvider will call FacebookSdk.sdkInitialize automatically
232         with the application context. This config is merged in with the host app's manifest,
233         but there can only be one provider with the same authority activated at any given
234         point; so if the end user has two or more different apps that use Facebook SDK, only the
235         first one will be able to use the provider. To work around this problem, we use the
236         following placeholder in the authority to identify each host application as if it was
237         a completely different provider.
238        -->
239        <provider
239-->[com.facebook.android:facebook-core:12.0.0] AndroidManifest.xml:39:9-42:40
240            android:name="com.facebook.internal.FacebookInitProvider"
240-->[com.facebook.android:facebook-core:12.0.0] AndroidManifest.xml:40:13-70
241            android:authorities="com.tigwal.FacebookInitProvider"
241-->[com.facebook.android:facebook-core:12.0.0] AndroidManifest.xml:41:13-72
242            android:exported="false" />
242-->[com.facebook.android:facebook-core:12.0.0] AndroidManifest.xml:42:13-37
243
244        <receiver
244-->[com.facebook.android:facebook-core:12.0.0] AndroidManifest.xml:44:9-50:20
245            android:name="com.facebook.CurrentAccessTokenExpirationBroadcastReceiver"
245-->[com.facebook.android:facebook-core:12.0.0] AndroidManifest.xml:45:13-86
246            android:exported="false" >
246-->[com.facebook.android:facebook-core:12.0.0] AndroidManifest.xml:46:13-37
247            <intent-filter>
247-->[com.facebook.android:facebook-core:12.0.0] AndroidManifest.xml:47:13-49:29
248                <action android:name="com.facebook.sdk.ACTION_CURRENT_ACCESS_TOKEN_CHANGED" />
248-->[com.facebook.android:facebook-core:12.0.0] AndroidManifest.xml:48:17-95
248-->[com.facebook.android:facebook-core:12.0.0] AndroidManifest.xml:48:25-92
249            </intent-filter>
250        </receiver>
251
252        <activity
252-->[:library] AndroidManifest.xml:20:9-23:58
253            android:name="company.tap.gosellapi.internal.activities.GoSellPaymentActivity"
253-->[:library] AndroidManifest.xml:21:13-91
254            android:theme="@style/TransparentCompat"
254-->[:library] AndroidManifest.xml:22:13-53
255            android:windowSoftInputMode="adjustResize" />
255-->[:library] AndroidManifest.xml:23:13-55
256        <activity
256-->[:library] AndroidManifest.xml:24:9-26:56
257            android:name="company.tap.gosellapi.internal.activities.GoSellCardAddressActivity"
257-->[:library] AndroidManifest.xml:25:13-95
258            android:theme="@style/GoSellSDKAppTheme" />
258-->[:library] AndroidManifest.xml:26:13-53
259        <activity
259-->[:library] AndroidManifest.xml:27:9-29:56
260            android:name="company.tap.gosellapi.internal.activities.CurrenciesActivity"
260-->[:library] AndroidManifest.xml:28:13-88
261            android:theme="@style/GoSellSDKAppTheme" />
261-->[:library] AndroidManifest.xml:29:13-53
262        <activity
262-->[:library] AndroidManifest.xml:30:9-32:56
263            android:name="company.tap.gosellapi.internal.activities.BaseActionBarActivity"
263-->[:library] AndroidManifest.xml:31:13-91
264            android:theme="@style/GoSellSDKAppTheme" />
264-->[:library] AndroidManifest.xml:32:13-53
265        <activity
265-->[:library] AndroidManifest.xml:33:9-36:56
266            android:name="company.tap.gosellapi.internal.activities.WebPaymentActivity"
266-->[:library] AndroidManifest.xml:34:13-88
267            android:screenOrientation="portrait"
267-->[:library] AndroidManifest.xml:35:13-49
268            android:theme="@style/GoSellSDKAppTheme" />
268-->[:library] AndroidManifest.xml:36:13-53
269        <activity
269-->[:library] AndroidManifest.xml:37:9-39:56
270            android:name="company.tap.gosellapi.internal.activities.CountriesActivity"
270-->[:library] AndroidManifest.xml:38:13-87
271            android:theme="@style/GoSellSDKAppTheme" />
271-->[:library] AndroidManifest.xml:39:13-53
272        <activity
272-->[:library] AndroidManifest.xml:40:9-42:56
273            android:name="company.tap.gosellapi.internal.activities.AsynchronousPaymentActivity"
273-->[:library] AndroidManifest.xml:41:13-97
274            android:theme="@style/TransparentCompat" />
274-->[:library] AndroidManifest.xml:42:13-53
275
276        <provider
276-->[com.google.firebase:firebase-perf:20.0.3] AndroidManifest.xml:14:9-18:39
277            android:name="com.google.firebase.perf.provider.FirebasePerfProvider"
277-->[com.google.firebase:firebase-perf:20.0.3] AndroidManifest.xml:15:13-82
278            android:authorities="com.tigwal.firebaseperfprovider"
278-->[com.google.firebase:firebase-perf:20.0.3] AndroidManifest.xml:16:13-72
279            android:exported="false"
279-->[com.google.firebase:firebase-perf:20.0.3] AndroidManifest.xml:17:13-37
280            android:initOrder="101" />
280-->[com.google.firebase:firebase-perf:20.0.3] AndroidManifest.xml:18:13-36
281
282        <service
282-->[com.google.firebase:firebase-perf:20.0.3] AndroidManifest.xml:20:9-26:19
283            android:name="com.google.firebase.components.ComponentDiscoveryService"
283-->[com.google.firebase:firebase-perf:20.0.3] AndroidManifest.xml:21:13-84
284            android:directBootAware="true"
284-->[com.google.firebase:firebase-common:20.0.0] AndroidManifest.xml:35:13-43
285            android:exported="false" >
285-->[com.google.firebase:firebase-perf:20.0.3] AndroidManifest.xml:22:13-37
286            <meta-data
286-->[com.google.firebase:firebase-perf:20.0.3] AndroidManifest.xml:23:13-25:85
287                android:name="com.google.firebase.components:com.google.firebase.perf.FirebasePerfRegistrar"
287-->[com.google.firebase:firebase-perf:20.0.3] AndroidManifest.xml:24:17-109
288                android:value="com.google.firebase.components.ComponentRegistrar" />
288-->[com.google.firebase:firebase-perf:20.0.3] AndroidManifest.xml:25:17-82
289            <meta-data
289-->[com.google.firebase:firebase-analytics-ktx:19.0.2] AndroidManifest.xml:11:13-13:85
290                android:name="com.google.firebase.components:com.google.firebase.analytics.ktx.FirebaseAnalyticsKtxRegistrar"
290-->[com.google.firebase:firebase-analytics-ktx:19.0.2] AndroidManifest.xml:12:17-126
291                android:value="com.google.firebase.components.ComponentRegistrar" />
291-->[com.google.firebase:firebase-analytics-ktx:19.0.2] AndroidManifest.xml:13:17-82
292            <meta-data
292-->[com.google.firebase:firebase-auth-ktx:21.0.1] AndroidManifest.xml:11:13-13:85
293                android:name="com.google.firebase.components:com.google.firebase.auth.ktx.FirebaseAuthKtxRegistrar"
293-->[com.google.firebase:firebase-auth-ktx:21.0.1] AndroidManifest.xml:12:17-116
294                android:value="com.google.firebase.components.ComponentRegistrar" />
294-->[com.google.firebase:firebase-auth-ktx:21.0.1] AndroidManifest.xml:13:17-82
295            <meta-data
295-->[com.google.firebase:firebase-common-ktx:20.0.0] AndroidManifest.xml:15:13-17:85
296                android:name="com.google.firebase.components:com.google.firebase.ktx.FirebaseCommonKtxRegistrar"
296-->[com.google.firebase:firebase-common-ktx:20.0.0] AndroidManifest.xml:16:17-113
297                android:value="com.google.firebase.components.ComponentRegistrar" />
297-->[com.google.firebase:firebase-common-ktx:20.0.0] AndroidManifest.xml:17:17-82
298            <meta-data
298-->[com.google.firebase:firebase-auth:21.0.1] AndroidManifest.xml:77:13-79:85
299                android:name="com.google.firebase.components:com.google.firebase.auth.FirebaseAuthRegistrar"
299-->[com.google.firebase:firebase-auth:21.0.1] AndroidManifest.xml:78:17-109
300                android:value="com.google.firebase.components.ComponentRegistrar" />
300-->[com.google.firebase:firebase-auth:21.0.1] AndroidManifest.xml:79:17-82
301            <meta-data
301-->[com.google.firebase:firebase-messaging:22.0.0] AndroidManifest.xml:52:13-54:85
302                android:name="com.google.firebase.components:com.google.firebase.messaging.FirebaseMessagingRegistrar"
302-->[com.google.firebase:firebase-messaging:22.0.0] AndroidManifest.xml:53:17-119
303                android:value="com.google.firebase.components.ComponentRegistrar" />
303-->[com.google.firebase:firebase-messaging:22.0.0] AndroidManifest.xml:54:17-82
304            <meta-data
304-->[com.google.firebase:firebase-iid:21.1.0] AndroidManifest.xml:32:13-34:85
305                android:name="com.google.firebase.components:com.google.firebase.iid.Registrar"
305-->[com.google.firebase:firebase-iid:21.1.0] AndroidManifest.xml:33:17-96
306                android:value="com.google.firebase.components.ComponentRegistrar" />
306-->[com.google.firebase:firebase-iid:21.1.0] AndroidManifest.xml:34:17-82
307            <meta-data
307-->[com.google.firebase:firebase-datatransport:18.0.1] AndroidManifest.xml:28:13-30:85